[2025-09-07T16:06:27.677Z] [ERROR] Unexpected error in user listing
{
  "digest": "DYNAMIC_SERVER_USAGE"
}
[2025-09-07T16:07:21.395Z] [ERROR] Unexpected error in user listing
{
  "digest": "DYNAMIC_SERVER_USAGE"
}
[2025-09-07T16:08:31.621Z] [ERROR] Unexpected error in user listing
{
  "digest": "DYNAMIC_SERVER_USAGE"
}
[2025-09-07T17:21:45.778Z] [DEBUG] Incoming user list request
{
  "method": "GET",
  "url": "http://localhost:3001/api/users/list"
}
[2025-09-07T17:21:45.782Z] [DEBUG] Token verification successful
{
  "userId": 1,
  "role": "admin"
}
[2025-09-07T17:21:45.783Z] [DEBUG] Fetching users from Supabase
[2025-09-07T17:21:46.191Z] [DEBUG] Users retrieval details
{
  "userCount": 8,
  "usersType": "object",
  "usersIsArray": true
}
[2025-09-07T17:22:09.033Z] [DEBUG] Incoming user list request
{
  "method": "GET",
  "url": "http://localhost:3001/api/users/list"
}
[2025-09-07T17:22:09.034Z] [DEBUG] Token verification successful
{
  "userId": 1,
  "role": "admin"
}
[2025-09-07T17:22:09.034Z] [DEBUG] Fetching users from Supabase
[2025-09-07T17:22:09.346Z] [DEBUG] Users retrieval details
{
  "userCount": 8,
  "usersType": "object",
  "usersIsArray": true
}
[2025-09-07T17:22:20.952Z] [DEBUG] Incoming user list request
{
  "method": "GET",
  "url": "http://localhost:3001/api/users/list"
}
[2025-09-07T17:22:20.953Z] [DEBUG] Token verification successful
{
  "userId": 1,
  "role": "admin"
}
[2025-09-07T17:22:20.953Z] [DEBUG] Fetching users from Supabase
[2025-09-07T17:22:21.285Z] [DEBUG] Users retrieval details
{
  "userCount": 8,
  "usersType": "object",
  "usersIsArray": true
}
[2025-09-07T17:44:00.179Z] [ERROR] Unexpected error in user listing
{
  "digest": "DYNAMIC_SERVER_USAGE"
}
[2025-09-07T18:13:32.973Z] [ERROR] Unexpected error in user listing
{
  "digest": "DYNAMIC_SERVER_USAGE"
}
[2025-10-07T11:33:00.729Z] [DEBUG] Incoming user list request
{
  "method": "GET",
  "url": "http://localhost:3001/api/users/list"
}
[2025-10-07T11:33:00.731Z] [DEBUG] Token verification successful
{
  "userId": 1,
  "role": "admin"
}
[2025-10-07T11:33:00.731Z] [DEBUG] Fetching users from Supabase
[2025-10-07T11:33:01.044Z] [DEBUG] Users retrieval details
{
  "userCount": 8,
  "usersType": "object",
  "usersIsArray": true
}
[2025-10-07T19:31:46.016Z] [DEBUG] Incoming user list request
{
  "method": "GET",
  "url": "http://localhost:3001/api/users/list"
}
[2025-10-07T19:31:46.019Z] [DEBUG] Token verification successful
{
  "userId": 1,
  "role": "admin"
}
[2025-10-07T19:31:46.020Z] [DEBUG] Fetching users from Supabase
[2025-10-07T19:31:46.422Z] [DEBUG] Users retrieval details
{
  "userCount": 8,
  "usersType": "object",
  "usersIsArray": true
}
[2025-10-07T19:35:23.341Z] [DEBUG] Incoming user list request
{
  "method": "GET",
  "url": "http://localhost:3001/api/users/list"
}
[2025-10-07T19:35:23.345Z] [DEBUG] Token verification successful
{
  "userId": 1,
  "role": "admin"
}
[2025-10-07T19:35:23.345Z] [DEBUG] Fetching users from Supabase
[2025-10-07T19:35:23.854Z] [DEBUG] Users retrieval details
{
  "userCount": 8,
  "usersType": "object",
  "usersIsArray": true
}
[2025-10-07T19:35:56.755Z] [DEBUG] Incoming user list request
{
  "method": "GET",
  "url": "http://localhost:3001/api/users/list"
}
[2025-10-07T19:35:56.757Z] [DEBUG] Token verification successful
{
  "userId": 1,
  "role": "admin"
}
[2025-10-07T19:35:56.757Z] [DEBUG] Fetching users from Supabase
[2025-10-07T19:35:57.146Z] [DEBUG] Users retrieval details
{
  "userCount": 8,
  "usersType": "object",
  "usersIsArray": true
}
[2025-10-07T19:48:46.976Z] [ERROR] Unexpected error in user listing
{
  "digest": "DYNAMIC_SERVER_USAGE"
}
[2025-10-07T19:49:23.683Z] [DEBUG] Incoming user list request
{
  "method": "GET",
  "url": "http://localhost:3001/api/users/list"
}
[2025-10-07T19:49:23.687Z] [DEBUG] Token verification successful
{
  "userId": 1,
  "role": "admin"
}
[2025-10-07T19:49:23.687Z] [DEBUG] Fetching users from Supabase
[2025-10-07T19:49:24.142Z] [DEBUG] Users retrieval details
{
  "userCount": 9,
  "usersType": "object",
  "usersIsArray": true
}
[2025-10-07T19:49:25.607Z] [DEBUG] Incoming user list request
{
  "method": "GET",
  "url": "http://localhost:3001/api/users/list"
}
[2025-10-07T19:49:25.608Z] [DEBUG] Token verification successful
{
  "userId": 1,
  "role": "admin"
}
[2025-10-07T19:49:25.608Z] [DEBUG] Fetching users from Supabase
[2025-10-07T19:49:26.020Z] [DEBUG] Users retrieval details
{
  "userCount": 9,
  "usersType": "object",
  "usersIsArray": true
}
[2025-10-07T19:49:31.058Z] [DEBUG] Incoming user list request
{
  "method": "GET",
  "url": "http://localhost:3001/api/users/list"
}
[2025-10-07T19:49:31.058Z] [DEBUG] Token verification successful
{
  "userId": 1,
  "role": "admin"
}
[2025-10-07T19:49:31.058Z] [DEBUG] Fetching users from Supabase
[2025-10-07T19:49:31.374Z] [DEBUG] Users retrieval details
{
  "userCount": 8,
  "usersType": "object",
  "usersIsArray": true
}
[2025-10-07T19:49:37.504Z] [DEBUG] Incoming user list request
{
  "method": "GET",
  "url": "http://localhost:3001/api/users/list"
}
[2025-10-07T19:49:37.505Z] [DEBUG] Token verification successful
{
  "userId": 1,
  "role": "admin"
}
[2025-10-07T19:49:37.505Z] [DEBUG] Fetching users from Supabase
[2025-10-07T19:49:37.895Z] [DEBUG] Users retrieval details
{
  "userCount": 7,
  "usersType": "object",
  "usersIsArray": true
}
[2025-10-07T19:49:49.265Z] [DEBUG] Incoming user list request
{
  "method": "GET",
  "url": "http://localhost:3001/api/users/list"
}
[2025-10-07T19:49:49.266Z] [DEBUG] Token verification successful
{
  "userId": 1,
  "role": "admin"
}
[2025-10-07T19:49:49.266Z] [DEBUG] Fetching users from Supabase
[2025-10-07T19:49:49.629Z] [DEBUG] Users retrieval details
{
  "userCount": 7,
  "usersType": "object",
  "usersIsArray": true
}
[2025-10-07T19:49:55.526Z] [DEBUG] Incoming user list request
{
  "method": "GET",
  "url": "http://localhost:3001/api/users/list"
}
[2025-10-07T19:49:55.527Z] [DEBUG] Token verification successful
{
  "userId": 1,
  "role": "admin"
}
[2025-10-07T19:49:55.527Z] [DEBUG] Fetching users from Supabase
[2025-10-07T19:49:55.836Z] [DEBUG] Users retrieval details
{
  "userCount": 6,
  "usersType": "object",
  "usersIsArray": true
}
[2025-10-07T19:49:59.088Z] [DEBUG] Incoming user list request
{
  "method": "GET",
  "url": "http://localhost:3001/api/users/list"
}
[2025-10-07T19:49:59.089Z] [DEBUG] Token verification successful
{
  "userId": 1,
  "role": "admin"
}
[2025-10-07T19:49:59.089Z] [DEBUG] Fetching users from Supabase
[2025-10-07T19:49:59.398Z] [DEBUG] Users retrieval details
{
  "userCount": 5,
  "usersType": "object",
  "usersIsArray": true
}
[2025-10-07T19:50:02.286Z] [DEBUG] Incoming user list request
{
  "method": "GET",
  "url": "http://localhost:3001/api/users/list"
}
[2025-10-07T19:50:02.288Z] [DEBUG] Token verification successful
{
  "userId": 1,
  "role": "admin"
}
[2025-10-07T19:50:02.288Z] [DEBUG] Fetching users from Supabase
[2025-10-07T19:50:02.678Z] [DEBUG] Users retrieval details
{
  "userCount": 4,
  "usersType": "object",
  "usersIsArray": true
}
[2025-10-07T19:50:05.829Z] [DEBUG] Incoming user list request
{
  "method": "GET",
  "url": "http://localhost:3001/api/users/list"
}
[2025-10-07T19:50:05.829Z] [DEBUG] Token verification successful
{
  "userId": 1,
  "role": "admin"
}
[2025-10-07T19:50:05.829Z] [DEBUG] Fetching users from Supabase
[2025-10-07T19:50:06.138Z] [DEBUG] Users retrieval details
{
  "userCount": 3,
  "usersType": "object",
  "usersIsArray": true
}
[2025-10-07T19:50:12.416Z] [DEBUG] Incoming user list request
{
  "method": "GET",
  "url": "http://localhost:3001/api/users/list"
}
[2025-10-07T19:50:12.416Z] [DEBUG] Token verification successful
{
  "userId": 1,
  "role": "admin"
}
[2025-10-07T19:50:12.416Z] [DEBUG] Fetching users from Supabase
[2025-10-07T19:50:12.717Z] [DEBUG] Users retrieval details
{
  "userCount": 2,
  "usersType": "object",
  "usersIsArray": true
}
[2025-10-07T19:50:22.566Z] [DEBUG] Incoming user list request
{
  "method": "GET",
  "url": "http://localhost:3001/api/users/list"
}
[2025-10-07T19:50:22.567Z] [DEBUG] Token verification successful
{
  "userId": 1,
  "role": "admin"
}
[2025-10-07T19:50:22.567Z] [DEBUG] Fetching users from Supabase
[2025-10-07T19:50:22.870Z] [DEBUG] Users retrieval details
{
  "userCount": 2,
  "usersType": "object",
  "usersIsArray": true
}
[2025-10-07T19:50:30.377Z] [DEBUG] Incoming user list request
{
  "method": "GET",
  "url": "http://localhost:3001/api/users/list"
}
[2025-10-07T19:50:30.378Z] [DEBUG] Token verification successful
{
  "userId": 1,
  "role": "admin"
}
[2025-10-07T19:50:30.378Z] [DEBUG] Fetching users from Supabase
[2025-10-07T19:50:30.716Z] [DEBUG] Users retrieval details
{
  "userCount": 2,
  "usersType": "object",
  "usersIsArray": true
}
[2025-10-07T19:50:35.392Z] [DEBUG] Incoming user list request
{
  "method": "GET",
  "url": "http://localhost:3001/api/users/list"
}
[2025-10-07T19:50:35.393Z] [DEBUG] Token verification successful
{
  "userId": 1,
  "role": "admin"
}
[2025-10-07T19:50:35.393Z] [DEBUG] Fetching users from Supabase
[2025-10-07T19:50:35.725Z] [DEBUG] Users retrieval details
{
  "userCount": 2,
  "usersType": "object",
  "usersIsArray": true
}
[2025-10-07T19:50:39.087Z] [DEBUG] Incoming user list request
{
  "method": "GET",
  "url": "http://localhost:3001/api/users/list"
}
[2025-10-07T19:50:39.088Z] [DEBUG] Token verification successful
{
  "userId": 1,
  "role": "admin"
}
[2025-10-07T19:50:39.088Z] [DEBUG] Fetching users from Supabase
[2025-10-07T19:50:39.438Z] [DEBUG] Users retrieval details
{
  "userCount": 2,
  "usersType": "object",
  "usersIsArray": true
}
[2025-10-07T19:51:23.568Z] [DEBUG] Incoming user list request
{
  "method": "GET",
  "url": "http://localhost:3001/api/users/list"
}
[2025-10-07T19:51:23.577Z] [DEBUG] Token verification successful
{
  "userId": 1,
  "role": "admin"
}
[2025-10-07T19:51:23.577Z] [DEBUG] Fetching users from Supabase
[2025-10-07T19:51:24.354Z] [DEBUG] Users retrieval details
{
  "userCount": 2,
  "usersType": "object",
  "usersIsArray": true
}
[2025-10-07T19:51:34.378Z] [DEBUG] Incoming user list request
{
  "method": "GET",
  "url": "http://localhost:3001/api/users/list"
}
[2025-10-07T19:51:34.379Z] [DEBUG] Token verification successful
{
  "userId": 1,
  "role": "admin"
}
[2025-10-07T19:51:34.379Z] [DEBUG] Fetching users from Supabase
[2025-10-07T19:51:34.741Z] [DEBUG] Users retrieval details
{
  "userCount": 2,
  "usersType": "object",
  "usersIsArray": true
}
